app/build/intermediates/manifest_merge_blame_file/debug/manifest-merger-blame-debug-report.txt
1<?xml version="1.0" encoding="utf-8"?>
2<manifest xmlns:android="http://schemas.android.com/apk/res/android"
3    package="com.ayurbalance"
4    android:versionCode="1"
5    android:versionName="1.0.0" >
6
7    <uses-sdk
8        android:minSdkVersion="26"
9        android:targetSdkVersion="34" />
10
11    <uses-permission android:name="android.permission.INTERNET" />
11-->src\main\AndroidManifest.xml:4:5-67
11-->src\main\AndroidManifest.xml:4:22-64
12    <uses-permission android:name="android.permission.ACCESS_NETWORK_STATE" />
12-->src\main\AndroidManifest.xml:5:5-79
12-->src\main\AndroidManifest.xml:5:22-76
13    <!-- COARSE only — GPS precision not needed for climate zone detection -->
14    <uses-permission android:name="android.permission.ACCESS_COARSE_LOCATION" />
14-->src\main\AndroidManifest.xml:7:5-81
14-->src\main\AndroidManifest.xml:7:22-78
15    <!-- Camera — used for food recognition in Log Food screen -->
16    <uses-permission android:name="android.permission.CAMERA" />
16-->src\main\AndroidManifest.xml:9:5-65
16-->src\main\AndroidManifest.xml:9:22-62
17
18    <uses-feature
18-->src\main\AndroidManifest.xml:10:5-85
19        android:name="android.hardware.camera"
19-->src\main\AndroidManifest.xml:10:19-57
20        android:required="false" />
20-->src\main\AndroidManifest.xml:10:58-82
21    <!-- Notifications (Android 13+) -->
22    <uses-permission android:name="android.permission.POST_NOTIFICATIONS" />
22-->src\main\AndroidManifest.xml:12:5-77
22-->src\main\AndroidManifest.xml:12:22-74
23    <uses-permission android:name="android.permission.RECEIVE_BOOT_COMPLETED" />
23-->src\main\AndroidManifest.xml:13:5-81
23-->src\main\AndroidManifest.xml:13:22-78
24
25    <permission
25-->[androidx.core:core:1.12.0] AndroidManifest.xml:22:5-24:47
26        android:name="com.ayurbalance.DYNAMIC_RECEIVER_NOT_EXPORTED_PERMISSION"
26-->[androidx.core:core:1.12.0] AndroidManifest.xml:23:9-81
27        android:protectionLevel="signature" />
27-->[androidx.core:core:1.12.0] AndroidManifest.xml:24:9-44
28
29    <uses-permission android:name="com.ayurbalance.DYNAMIC_RECEIVER_NOT_EXPORTED_PERMISSION" />
29-->[androidx.core:core:1.12.0] AndroidManifest.xml:26:5-97
29-->[androidx.core:core:1.12.0] AndroidManifest.xml:26:22-94
30
31    <application
31-->src\main\AndroidManifest.xml:15:5-196:19
32        android:name="com.ayurbalance.AyurBalanceApp"
32-->src\main\AndroidManifest.xml:16:9-39
33        android:allowBackup="true"
33-->src\main\AndroidManifest.xml:17:9-35
34        android:appComponentFactory="androidx.core.app.CoreComponentFactory"
34-->[androidx.core:core:1.12.0] AndroidManifest.xml:28:18-86
35        android:debuggable="true"
36        android:extractNativeLibs="false"
37        android:icon="@mipmap/ic_launcher"
37-->src\main\AndroidManifest.xml:18:9-43
38        android:label="@string/app_name"
38-->src\main\AndroidManifest.xml:19:9-41
39        android:roundIcon="@mipmap/ic_launcher_round"
39-->src\main\AndroidManifest.xml:20:9-54
40        android:supportsRtl="true"
40-->src\main\AndroidManifest.xml:21:9-35
41        android:testOnly="true"
42        android:theme="@style/Theme.AyurBalance" >
42-->src\main\AndroidManifest.xml:22:9-49
43
44        <!-- Splash Screen — App Entry Point -->
45        <activity
45-->src\main\AndroidManifest.xml:25:9-33:20
46            android:name="com.ayurbalance.ui.splash.SplashActivity"
46-->src\main\AndroidManifest.xml:26:13-53
47            android:exported="true"
47-->src\main\AndroidManifest.xml:27:13-36
48            android:theme="@style/Theme.AyurBalance.Splash" >
48-->src\main\AndroidManifest.xml:28:13-60
49            <intent-filter>
49-->src\main\AndroidManifest.xml:29:13-32:29
50                <action android:name="android.intent.action.MAIN" />
50-->src\main\AndroidManifest.xml:30:17-69
50-->src\main\AndroidManifest.xml:30:25-66
51
52                <category android:name="android.intent.category.LAUNCHER" />
52-->src\main\AndroidManifest.xml:31:17-77
52-->src\main\AndroidManifest.xml:31:27-74
53            </intent-filter>
54        </activity>
55
56        <!-- Onboarding Flow -->
57        <activity
57-->src\main\AndroidManifest.xml:36:9-39:67
58            android:name="com.ayurbalance.ui.onboarding.OnboardingActivity"
58-->src\main\AndroidManifest.xml:37:13-61
59            android:exported="false"
59-->src\main\AndroidManifest.xml:38:13-37
60            android:theme="@style/Theme.AyurBalance.Onboarding" />
60-->src\main\AndroidManifest.xml:39:13-64
61        <activity
61-->src\main\AndroidManifest.xml:41:9-44:67
62            android:name="com.ayurbalance.ui.onboarding.Onboarding2Activity"
62-->src\main\AndroidManifest.xml:42:13-62
63            android:exported="false"
63-->src\main\AndroidManifest.xml:43:13-37
64            android:theme="@style/Theme.AyurBalance.Onboarding" />
64-->src\main\AndroidManifest.xml:44:13-64
65        <activity
65-->src\main\AndroidManifest.xml:46:9-49:67
66            android:name="com.ayurbalance.ui.onboarding.Onboarding3Activity"
66-->src\main\AndroidManifest.xml:47:13-62
67            android:exported="false"
67-->src\main\AndroidManifest.xml:48:13-37
68            android:theme="@style/Theme.AyurBalance.Onboarding" />
68-->src\main\AndroidManifest.xml:49:13-64
69        <activity
69-->src\main\AndroidManifest.xml:51:9-54:67
70            android:name="com.ayurbalance.ui.onboarding.OnboardingPrivacyActivity"
70-->src\main\AndroidManifest.xml:52:13-68
71            android:exported="false"
71-->src\main\AndroidManifest.xml:53:13-37
72            android:theme="@style/Theme.AyurBalance.Onboarding" />
72-->src\main\AndroidManifest.xml:54:13-64
73
74        <!-- Auth Flow -->
75        <activity
75-->src\main\AndroidManifest.xml:57:9-61:61
76            android:name="com.ayurbalance.ui.auth.SignupActivity"
76-->src\main\AndroidManifest.xml:58:13-51
77            android:exported="false"
77-->src\main\AndroidManifest.xml:59:13-37
78            android:theme="@style/Theme.AyurBalance.Auth"
78-->src\main\AndroidManifest.xml:61:13-58
79            android:windowSoftInputMode="adjustResize" />
79-->src\main\AndroidManifest.xml:60:13-55
80        <activity
80-->src\main\AndroidManifest.xml:63:9-80:20
81            android:name="com.ayurbalance.ui.auth.LoginActivity"
81-->src\main\AndroidManifest.xml:64:13-50
82            android:exported="true"
82-->src\main\AndroidManifest.xml:65:13-36
83            android:launchMode="singleTask"
83-->src\main\AndroidManifest.xml:66:13-44
84            android:theme="@style/Theme.AyurBalance.Auth"
84-->src\main\AndroidManifest.xml:68:13-58
85            android:windowSoftInputMode="adjustResize" >
85-->src\main\AndroidManifest.xml:67:13-55
86
87            <!-- OAuth deep link callback -->
88            <intent-filter>
88-->src\main\AndroidManifest.xml:71:13-78:29
89                <action android:name="android.intent.action.VIEW" />
89-->src\main\AndroidManifest.xml:72:17-69
89-->src\main\AndroidManifest.xml:72:25-66
90
91                <category android:name="android.intent.category.DEFAULT" />
91-->src\main\AndroidManifest.xml:73:17-76
91-->src\main\AndroidManifest.xml:73:27-73
92                <category android:name="android.intent.category.BROWSABLE" />
92-->src\main\AndroidManifest.xml:74:17-78
92-->src\main\AndroidManifest.xml:74:27-75
93
94                <data
94-->src\main\AndroidManifest.xml:75:17-77:53
95                    android:host="login-callback"
95-->src\main\AndroidManifest.xml:77:21-50
96                    android:scheme="ayurbalance" />
96-->src\main\AndroidManifest.xml:76:21-49
97            </intent-filter>
98        </activity>
99        <activity
99-->src\main\AndroidManifest.xml:82:9-86:61
100            android:name="com.ayurbalance.ui.auth.OtpVerificationActivity"
100-->src\main\AndroidManifest.xml:83:13-60
101            android:exported="false"
101-->src\main\AndroidManifest.xml:84:13-37
102            android:theme="@style/Theme.AyurBalance.Auth"
102-->src\main\AndroidManifest.xml:86:13-58
103            android:windowSoftInputMode="adjustResize" />
103-->src\main\AndroidManifest.xml:85:13-55
104
105        <!-- Health Profile Steps -->
106        <activity
106-->src\main\AndroidManifest.xml:89:9-93:61
107            android:name="com.ayurbalance.ui.profile.ProfileStep1Activity"
107-->src\main\AndroidManifest.xml:90:13-60
108            android:exported="false"
108-->src\main\AndroidManifest.xml:91:13-37
109            android:theme="@style/Theme.AyurBalance.Auth"
109-->src\main\AndroidManifest.xml:93:13-58
110            android:windowSoftInputMode="adjustResize" />
110-->src\main\AndroidManifest.xml:92:13-55
111        <activity
111-->src\main\AndroidManifest.xml:95:9-99:61
112            android:name="com.ayurbalance.ui.profile.ProfileStep2Activity"
112-->src\main\AndroidManifest.xml:96:13-60
113            android:exported="false"
113-->src\main\AndroidManifest.xml:97:13-37
114            android:theme="@style/Theme.AyurBalance.Auth"
114-->src\main\AndroidManifest.xml:99:13-58
115            android:windowSoftInputMode="adjustResize" />
115-->src\main\AndroidManifest.xml:98:13-55
116        <activity
116-->src\main\AndroidManifest.xml:101:9-105:61
117            android:name="com.ayurbalance.ui.profile.ProfileStep3Activity"
117-->src\main\AndroidManifest.xml:102:13-60
118            android:exported="false"
118-->src\main\AndroidManifest.xml:103:13-37
119            android:theme="@style/Theme.AyurBalance.Auth"
119-->src\main\AndroidManifest.xml:105:13-58
120            android:windowSoftInputMode="adjustResize" />
120-->src\main\AndroidManifest.xml:104:13-55
121        <activity
121-->src\main\AndroidManifest.xml:107:9-111:61
122            android:name="com.ayurbalance.ui.profile.ProfileStep4Activity"
122-->src\main\AndroidManifest.xml:108:13-60
123            android:exported="false"
123-->src\main\AndroidManifest.xml:109:13-37
124            android:theme="@style/Theme.AyurBalance.Auth"
124-->src\main\AndroidManifest.xml:111:13-58
125            android:windowSoftInputMode="adjustResize" />
125-->src\main\AndroidManifest.xml:110:13-55
126
127        <!-- Location Permission (between Profile Setup and Prakriti) -->
128        <activity
128-->src\main\AndroidManifest.xml:114:9-117:61
129            android:name="com.ayurbalance.ui.location.LocationPermissionActivity"
129-->src\main\AndroidManifest.xml:115:13-67
130            android:exported="false"
130-->src\main\AndroidManifest.xml:116:13-37
131            android:theme="@style/Theme.AyurBalance.Auth" />
131-->src\main\AndroidManifest.xml:117:13-58
132
133        <!-- Prakriti Assessment -->
134        <activity
134-->src\main\AndroidManifest.xml:120:9-123:61
135            android:name="com.ayurbalance.ui.prakriti.PrakritiQuestionActivity"
135-->src\main\AndroidManifest.xml:121:13-65
136            android:exported="false"
136-->src\main\AndroidManifest.xml:122:13-37
137            android:theme="@style/Theme.AyurBalance.Auth" />
137-->src\main\AndroidManifest.xml:123:13-58
138
139        <!-- Prakriti Result -->
140        <activity
140-->src\main\AndroidManifest.xml:126:9-129:61
141            android:name="com.ayurbalance.ui.prakriti.PrakritiResultActivity"
141-->src\main\AndroidManifest.xml:127:13-63
142            android:exported="false"
142-->src\main\AndroidManifest.xml:128:13-37
143            android:theme="@style/Theme.AyurBalance.Auth" />
143-->src\main\AndroidManifest.xml:129:13-58
144
145        <!-- Main Dashboard -->
146        <activity
146-->src\main\AndroidManifest.xml:132:9-135:56
147            android:name="com.ayurbalance.ui.dashboard.DashboardActivity"
147-->src\main\AndroidManifest.xml:133:13-59
148            android:exported="false"
148-->src\main\AndroidManifest.xml:134:13-37
149            android:theme="@style/Theme.AyurBalance" />
149-->src\main\AndroidManifest.xml:135:13-53
150
151        <!-- Log Food (Camera / ML identification) -->
152        <activity
152-->src\main\AndroidManifest.xml:138:9-141:56
153            android:name="com.ayurbalance.ui.logfood.LogFoodActivity"
153-->src\main\AndroidManifest.xml:139:13-55
154            android:exported="false"
154-->src\main\AndroidManifest.xml:140:13-37
155            android:theme="@style/Theme.AyurBalance" />
155-->src\main\AndroidManifest.xml:141:13-53
156
157        <!-- Food Logged Success (nutrition + Ayurvedic recap) -->
158        <activity
158-->src\main\AndroidManifest.xml:144:9-147:56
159            android:name="com.ayurbalance.ui.logfood.FoodLoggedSuccessActivity"
159-->src\main\AndroidManifest.xml:145:13-65
160            android:exported="false"
160-->src\main\AndroidManifest.xml:146:13-37
161            android:theme="@style/Theme.AyurBalance" />
161-->src\main\AndroidManifest.xml:147:13-53
162
163        <!-- Meal Plan (personalized Ayurvedic daily meal schedule) -->
164        <activity
164-->src\main\AndroidManifest.xml:150:9-153:56
165            android:name="com.ayurbalance.ui.meals.MealPlanActivity"
165-->src\main\AndroidManifest.xml:151:13-54
166            android:exported="false"
166-->src\main\AndroidManifest.xml:152:13-37
167            android:theme="@style/Theme.AyurBalance" />
167-->src\main\AndroidManifest.xml:153:13-53
168
169        <!-- Analytics (7-day wellness trends + dosha alignment) -->
170        <activity
170-->src\main\AndroidManifest.xml:156:9-159:56
171            android:name="com.ayurbalance.ui.analytics.AnalyticsActivity"
171-->src\main\AndroidManifest.xml:157:13-59
172            android:exported="false"
172-->src\main\AndroidManifest.xml:158:13-37
173            android:theme="@style/Theme.AyurBalance" />
173-->src\main\AndroidManifest.xml:159:13-53
174
175        <!-- Profile Screen -->
176        <activity
176-->src\main\AndroidManifest.xml:162:9-165:56
177            android:name="com.ayurbalance.ui.profile.ProfileActivity"
177-->src\main\AndroidManifest.xml:163:13-55
178            android:exported="false"
178-->src\main\AndroidManifest.xml:164:13-37
179            android:theme="@style/Theme.AyurBalance" />
179-->src\main\AndroidManifest.xml:165:13-53
180
181        <!-- Prakriti Detail (from Profile) -->
182        <activity
182-->src\main\AndroidManifest.xml:168:9-171:56
183            android:name="com.ayurbalance.ui.profile.PrakritiDetailActivity"
183-->src\main\AndroidManifest.xml:169:13-62
184            android:exported="false"
184-->src\main\AndroidManifest.xml:170:13-37
185            android:theme="@style/Theme.AyurBalance" />
185-->src\main\AndroidManifest.xml:171:13-53
186
187        <!-- Privacy Settings (from Profile) -->
188        <activity
188-->src\main\AndroidManifest.xml:174:9-177:61
189            android:name="com.ayurbalance.ui.profile.PrivacySettingsActivity"
189-->src\main\AndroidManifest.xml:175:13-63
190            android:exported="false"
190-->src\main\AndroidManifest.xml:176:13-37
191            android:theme="@style/Theme.AyurBalance.Auth" />
191-->src\main\AndroidManifest.xml:177:13-58
192
193        <!-- Notification broadcast receiver -->
194        <receiver
194-->src\main\AndroidManifest.xml:180:9-182:40
195            android:name="com.ayurbalance.ui.profile.NotificationBroadcastReceiver"
195-->src\main\AndroidManifest.xml:181:13-69
196            android:exported="false" />
196-->src\main\AndroidManifest.xml:182:13-37
197
198        <!-- Admin Panel -->
199        <activity
199-->src\main\AndroidManifest.xml:185:9-189:61
200            android:name="com.ayurbalance.admin.AdminLoginActivity"
200-->src\main\AndroidManifest.xml:186:13-53
201            android:exported="false"
201-->src\main\AndroidManifest.xml:187:13-37
202            android:theme="@style/Theme.AyurBalance.Auth"
202-->src\main\AndroidManifest.xml:189:13-58
203            android:windowSoftInputMode="adjustResize" />
203-->src\main\AndroidManifest.xml:188:13-55
204        <activity
204-->src\main\AndroidManifest.xml:191:9-194:56
205            android:name="com.ayurbalance.admin.AdminDashboardActivity"
205-->src\main\AndroidManifest.xml:192:13-57
206            android:exported="false"
206-->src\main\AndroidManifest.xml:193:13-37
207            android:theme="@style/Theme.AyurBalance" />
207-->src\main\AndroidManifest.xml:194:13-53
208
209        <service
209-->[androidx.camera:camera-camera2:1.3.1] AndroidManifest.xml:24:9-33:19
210            android:name="androidx.camera.core.impl.MetadataHolderService"
210-->[androidx.camera:camera-camera2:1.3.1] AndroidManifest.xml:25:13-75
211            android:enabled="false"
211-->[androidx.camera:camera-camera2:1.3.1] AndroidManifest.xml:26:13-36
212            android:exported="false" >
212-->[androidx.camera:camera-camera2:1.3.1] AndroidManifest.xml:27:13-37
213            <meta-data
213-->[androidx.camera:camera-camera2:1.3.1] AndroidManifest.xml:30:13-32:89
214                android:name="androidx.camera.core.impl.MetadataHolderService.DEFAULT_CONFIG_PROVIDER"
214-->[androidx.camera:camera-camera2:1.3.1] AndroidManifest.xml:31:17-103
215                android:value="androidx.camera.camera2.Camera2Config$DefaultProvider" />
215-->[androidx.camera:camera-camera2:1.3.1] AndroidManifest.xml:32:17-86
216        </service>
217
218        <activity
218-->[com.google.android.gms:play-services-base:18.3.0] AndroidManifest.xml:20:9-22:45
219            android:name="com.google.android.gms.common.api.GoogleApiActivity"
219-->[com.google.android.gms:play-services-base:18.3.0] AndroidManifest.xml:20:19-85
220            android:exported="false"
220-->[com.google.android.gms:play-services-base:18.3.0] AndroidManifest.xml:22:19-43
221            android:theme="@android:style/Theme.Translucent.NoTitleBar" />
221-->[com.google.android.gms:play-services-base:18.3.0] AndroidManifest.xml:21:19-78
222
223        <meta-data
223-->[com.google.android.gms:play-services-basement:18.3.0] AndroidManifest.xml:21:9-23:69
224            android:name="com.google.android.gms.version"
224-->[com.google.android.gms:play-services-basement:18.3.0] AndroidManifest.xml:22:13-58
225            android:value="@integer/google_play_services_version" />
225-->[com.google.android.gms:play-services-basement:18.3.0] AndroidManifest.xml:23:13-66
226
227        <provider
227-->[androidx.emoji2:emoji2:1.2.0] AndroidManifest.xml:24:9-32:20
228            android:name="androidx.startup.InitializationProvider"
228-->[androidx.emoji2:emoji2:1.2.0] AndroidManifest.xml:25:13-67
229            android:authorities="com.ayurbalance.androidx-startup"
229-->[androidx.emoji2:emoji2:1.2.0] AndroidManifest.xml:26:13-68
230            android:exported="false" >
230-->[androidx.emoji2:emoji2:1.2.0] AndroidManifest.xml:27:13-37
231            <meta-data
231-->[androidx.emoji2:emoji2:1.2.0] AndroidManifest.xml:29:13-31:52
232                android:name="androidx.emoji2.text.EmojiCompatInitializer"
232-->[androidx.emoji2:emoji2:1.2.0] AndroidManifest.xml:30:17-75
233                android:value="androidx.startup" />
233-->[androidx.emoji2:emoji2:1.2.0] AndroidManifest.xml:31:17-49
234            <meta-data
234-->[io.github.jan-tennert.supabase:gotrue-kt-android-debug:2.1.4] AndroidManifest.xml:14:13-16:52
235                android:name="io.github.jan.supabase.gotrue.SupabaseInitializer"
235-->[io.github.jan-tennert.supabase:gotrue-kt-android-debug:2.1.4] AndroidManifest.xml:15:17-81
236                android:value="androidx.startup" />
236-->[io.github.jan-tennert.supabase:gotrue-kt-android-debug:2.1.4] AndroidManifest.xml:16:17-49
237            <meta-data
237-->[androidx.lifecycle:lifecycle-process:2.7.0] AndroidManifest.xml:29:13-31:52
238                android:name="androidx.lifecycle.ProcessLifecycleInitializer"
238-->[androidx.lifecycle:lifecycle-process:2.7.0] AndroidManifest.xml:30:17-78
239                android:value="androidx.startup" />
239-->[androidx.lifecycle:lifecycle-process:2.7.0] AndroidManifest.xml:31:17-49
240            <meta-data
240-->[androidx.profileinstaller:profileinstaller:1.3.0] AndroidManifest.xml:29:13-31:52
241                android:name="androidx.profileinstaller.ProfileInstallerInitializer"
241-->[androidx.profileinstaller:profileinstaller:1.3.0] AndroidManifest.xml:30:17-85
242                android:value="androidx.startup" />
242-->[androidx.profileinstaller:profileinstaller:1.3.0] AndroidManifest.xml:31:17-49
243            <meta-data
243-->[com.russhwolf:multiplatform-settings-no-arg-android-debug:1.1.1] AndroidManifest.xml:29:13-31:52
244                android:name="com.russhwolf.settings.SettingsInitializer"
244-->[com.russhwolf:multiplatform-settings-no-arg-android-debug:1.1.1] AndroidManifest.xml:30:17-74
245                android:value="androidx.startup" />
245-->[com.russhwolf:multiplatform-settings-no-arg-android-debug:1.1.1] AndroidManifest.xml:31:17-49
246        </provider>
247
248        <service
248-->[androidx.room:room-runtime:2.6.1] AndroidManifest.xml:24:9-28:63
249            android:name="androidx.room.MultiInstanceInvalidationService"
249-->[androidx.room:room-runtime:2.6.1] AndroidManifest.xml:25:13-74
250            android:directBootAware="true"
250-->[androidx.room:room-runtime:2.6.1] AndroidManifest.xml:26:13-43
251            android:exported="false" />
251-->[androidx.room:room-runtime:2.6.1] AndroidManifest.xml:27:13-37
252
253        <receiver
253-->[androidx.profileinstaller:profileinstaller:1.3.0] AndroidManifest.xml:34:9-52:20
254            android:name="androidx.profileinstaller.ProfileInstallReceiver"
254-->[androidx.profileinstaller:profileinstaller:1.3.0] AndroidManifest.xml:35:13-76
255            android:directBootAware="false"
255-->[androidx.profileinstaller:profileinstaller:1.3.0] AndroidManifest.xml:36:13-44
256            android:enabled="true"
256-->[androidx.profileinstaller:profileinstaller:1.3.0] AndroidManifest.xml:37:13-35
257            android:exported="true"
257-->[androidx.profileinstaller:profileinstaller:1.3.0] AndroidManifest.xml:38:13-36
258            android:permission="android.permission.DUMP" >
258-->[androidx.profileinstaller:profileinstaller:1.3.0] AndroidManifest.xml:39:13-57
259            <intent-filter>
259-->[androidx.profileinstaller:profileinstaller:1.3.0] AndroidManifest.xml:40:13-42:29
260                <action android:name="androidx.profileinstaller.action.INSTALL_PROFILE" />
260-->[androidx.profileinstaller:profileinstaller:1.3.0] AndroidManifest.xml:41:17-91
260-->[androidx.profileinstaller:profileinstaller:1.3.0] AndroidManifest.xml:41:25-88
261            </intent-filter>
262            <intent-filter>
262-->[androidx.profileinstaller:profileinstaller:1.3.0] AndroidManifest.xml:43:13-45:29
263                <action android:name="androidx.profileinstaller.action.SKIP_FILE" />
263-->[androidx.profileinstaller:profileinstaller:1.3.0] AndroidManifest.xml:44:17-85
263-->[androidx.profileinstaller:profileinstaller:1.3.0] AndroidManifest.xml:44:25-82
264            </intent-filter>
265            <intent-filter>
265-->[androidx.profileinstaller:profileinstaller:1.3.0] AndroidManifest.xml:46:13-48:29
266                <action android:name="androidx.profileinstaller.action.SAVE_PROFILE" />
266-->[androidx.profileinstaller:profileinstaller:1.3.0] AndroidManifest.xml:47:17-88
266-->[androidx.profileinstaller:profileinstaller:1.3.0] AndroidManifest.xml:47:25-85
267            </intent-filter>
268            <intent-filter>
268-->[androidx.profileinstaller:profileinstaller:1.3.0] AndroidManifest.xml:49:13-51:29
269                <action android:name="androidx.profileinstaller.action.BENCHMARK_OPERATION" />
269-->[androidx.profileinstaller:profileinstaller:1.3.0] AndroidManifest.xml:50:17-95
269-->[androidx.profileinstaller:profileinstaller:1.3.0] AndroidManifest.xml:50:25-92
270            </intent-filter>
271        </receiver>
272    </application>
273
274</manifest>